2026-01-29 15:55:50  INFO ThreadId(13) stream_gears::server: crates/stream-gears/src/server.rs:449: Tracing initialized with daily rotation
2026-01-29 15:55:50  INFO ThreadId(13) biliup_cli::uploader: crates/biliup-cli/src/uploader.rs:300: user: fzjjs
2026-01-29 15:55:50  INFO ThreadId(13) biliup_cli::uploader: crates/biliup-cli/src/uploader.rs:335: number of concurrent futures: 3
2026-01-29 15:55:50  INFO ThreadId(13) biliup_cli::uploader: crates/biliup-cli/src/uploader.rs:359: No checkpoint found, starting fresh upload
2026-01-29 15:55:53  INFO ThreadId(13) biliup::uploader::line: crates/biliup/src/uploader/line.rs:99: probe_version=20250923&upcdn=txa&zone=cs: 2302
2026-01-29 15:55:55  INFO ThreadId(13) biliup::uploader::line: crates/biliup/src/uploader/line.rs:99: probe_version=20250923&upcdn=alia&zone=cs: 2408
2026-01-29 15:55:55  INFO ThreadId(13) biliup_cli::uploader: crates/biliup-cli/src/uploader.rs:398: Line { os: Upos, probe_url: "//upos-cs-upcdntxa.bilivideo.com/OK", query: "probe_version=20250923&upcdn=txa&zone=cs", cost: 2302 }
2026-01-29 15:55:55  INFO ThreadId(13) biliup::uploader::line: crates/biliup/src/uploader/line.rs:149: pre_upload: {"build":2140000,"name":"Sintel - Open Movie by Blender Foundation.mp4","profile":"ugcupos/bup","r":"upos","size":33682652,"ssl":0,"version":"2.14.0"}
2026-01-29 15:56:02  INFO ThreadId(13) biliup_cli::uploader: crates/biliup-cli/src/uploader.rs:502: Upload completed: Sintel - Open Movie by Blender Foundation.mp4 => cost 7.23s, 4.66 MB/s.
2026-01-29 15:56:02  INFO ThreadId(13) biliup_cli::uploader: crates/biliup-cli/src/uploader.rs:513: Checkpoint saved: 1 files uploaded
2026-01-29 15:56:02  INFO ThreadId(13) biliup_cli::uploader: crates/biliup-cli/src/uploader.rs:525: All files uploaded successfully, checkpoint removed
2026-01-29 15:56:03  INFO ThreadId(13) biliup::uploader::bilibili: crates/biliup/src/uploader/bilibili.rs:365: ResponseData { code: 0, data: Some(Object {"aid": Number(115977303883922), "bvid": String("BV1566FB4Enu"), "push_intro": Object {"show": Number(1), "text": String("打开系统通知开关，及时获悉稿件状态")}, "submitact_banner": Object {"hotact_text": String(""), "hotact_url": String(""), "list": Null}}), message: "0", ttl: Some(1) }
2026-01-29 15:56:03  INFO ThreadId(13) biliup::uploader::bilibili: crates/biliup/src/uploader/bilibili.rs:367: APP接口投稿成功
2026-01-29 15:57:02  INFO ThreadId(13) stream_gears::server: crates/stream-gears/src/server.rs:449: Tracing initialized with daily rotation
2026-01-29 15:57:03  INFO ThreadId(13) biliup_cli::uploader: crates/biliup-cli/src/uploader.rs:300: user: fzjjs
2026-01-29 15:57:03  INFO ThreadId(13) biliup_cli::uploader: crates/biliup-cli/src/uploader.rs:335: number of concurrent futures: 3
2026-01-29 15:57:03  INFO ThreadId(13) biliup_cli::uploader: crates/biliup-cli/src/uploader.rs:359: No checkpoint found, starting fresh upload
2026-01-29 15:57:06  INFO ThreadId(13) biliup::uploader::line: crates/biliup/src/uploader/line.rs:99: probe_version=20250923&upcdn=alia&zone=cs: 3423
2026-01-29 15:57:08  INFO ThreadId(13) biliup::uploader::line: crates/biliup/src/uploader/line.rs:99: probe_version=20250923&upcdn=txa&zone=cs: 2342
2026-01-29 15:57:08  INFO ThreadId(13) biliup_cli::uploader: crates/biliup-cli/src/uploader.rs:398: Line { os: Upos, probe_url: "//upos-cs-upcdntxa.bilivideo.com/OK", query: "probe_version=20250923&upcdn=txa&zone=cs", cost: 2342 }
2026-01-29 15:57:08  INFO ThreadId(13) biliup::uploader::line: crates/biliup/src/uploader/line.rs:149: pre_upload: {"build":2140000,"name":"Sintel - Open Movie by Blender Foundation.mp4","profile":"ugcupos/bup","r":"upos","size":33682652,"ssl":0,"version":"2.14.0"}
2026-01-29 15:57:16  INFO ThreadId(13) biliup_cli::uploader: crates/biliup-cli/src/uploader.rs:502: Upload completed: Sintel - Open Movie by Blender Foundation.mp4 => cost 7.89s, 4.27 MB/s.
2026-01-29 15:57:16  INFO ThreadId(13) biliup_cli::uploader: crates/biliup-cli/src/uploader.rs:513: Checkpoint saved: 1 files uploaded
2026-01-29 15:57:16  INFO ThreadId(13) biliup_cli::uploader: crates/biliup-cli/src/uploader.rs:525: All files uploaded successfully, checkpoint removed
2026-01-29 15:57:17  INFO ThreadId(13) biliup::uploader::bilibili: crates/biliup/src/uploader/bilibili.rs:365: ResponseData { code: 0, data: Some(Object {"aid": Number(115977303956957), "bvid": String("BV1v66FB4E3F"), "push_intro": Object {"show": Number(1), "text": String("打开系统通知开关，及时获悉稿件状态")}, "submitact_banner": Object {"hotact_text": String(""), "hotact_url": String(""), "list": Null}}), message: "0", ttl: Some(1) }
2026-01-29 15:57:17  INFO ThreadId(13) biliup::uploader::bilibili: crates/biliup/src/uploader/bilibili.rs:367: APP接口投稿成功
2026-01-29 15:57:33  INFO ThreadId(13) stream_gears::server: crates/stream-gears/src/server.rs:449: Tracing initialized with daily rotation
2026-01-29 15:57:34  INFO ThreadId(13) biliup_cli::uploader: crates/biliup-cli/src/uploader.rs:300: user: fzjjs
2026-01-29 15:57:34  INFO ThreadId(13) biliup_cli::uploader: crates/biliup-cli/src/uploader.rs:335: number of concurrent futures: 3
2026-01-29 15:57:34  INFO ThreadId(13) biliup_cli::uploader: crates/biliup-cli/src/uploader.rs:359: No checkpoint found, starting fresh upload
2026-01-29 15:57:36  INFO ThreadId(13) biliup::uploader::line: crates/biliup/src/uploader/line.rs:99: probe_version=20250923&upcdn=alia&zone=cs: 2379
2026-01-29 15:57:38  INFO ThreadId(13) biliup::uploader::line: crates/biliup/src/uploader/line.rs:99: probe_version=20250923&upcdn=txa&zone=cs: 2346
2026-01-29 15:57:38  INFO ThreadId(13) biliup_cli::uploader: crates/biliup-cli/src/uploader.rs:398: Line { os: Upos, probe_url: "//upos-cs-upcdntxa.bilivideo.com/OK", query: "probe_version=20250923&upcdn=txa&zone=cs", cost: 2346 }
2026-01-29 15:57:38  INFO ThreadId(13) biliup::uploader::line: crates/biliup/src/uploader/line.rs:149: pre_upload: {"build":2140000,"name":"Sintel - Open Movie by Blender Foundation.mp4","profile":"ugcupos/bup","r":"upos","size":33682652,"ssl":0,"version":"2.14.0"}
2026-01-29 15:57:47  INFO ThreadId(13) biliup_cli::uploader: crates/biliup-cli/src/uploader.rs:502: Upload completed: Sintel - Open Movie by Blender Foundation.mp4 => cost 8.46s, 3.98 MB/s.
2026-01-29 15:57:47  INFO ThreadId(13) biliup_cli::uploader: crates/biliup-cli/src/uploader.rs:513: Checkpoint saved: 1 files uploaded
2026-01-29 15:57:47  INFO ThreadId(13) biliup_cli::uploader: crates/biliup-cli/src/uploader.rs:525: All files uploaded successfully, checkpoint removed
2026-01-29 15:57:47  INFO ThreadId(13) biliup::uploader::bilibili: crates/biliup/src/uploader/bilibili.rs:365: ResponseData { code: 0, data: Some(Object {"aid": Number(115977304019195), "bvid": String("BV1d66FB4E8d"), "push_intro": Object {"show": Number(1), "text": String("打开系统通知开关，及时获悉稿件状态")}, "submitact_banner": Object {"hotact_text": String(""), "hotact_url": String(""), "list": Null}}), message: "0", ttl: Some(1) }
2026-01-29 15:57:47  INFO ThreadId(13) biliup::uploader::bilibili: crates/biliup/src/uploader/bilibili.rs:367: APP接口投稿成功
2026-01-29 15:59:23  INFO ThreadId(13) stream_gears::server: crates/stream-gears/src/server.rs:449: Tracing initialized with daily rotation
2026-01-29 15:59:23  INFO ThreadId(13) biliup_cli::uploader: crates/biliup-cli/src/uploader.rs:300: user: fzjjs
2026-01-29 15:59:23  INFO ThreadId(13) biliup_cli::uploader: crates/biliup-cli/src/uploader.rs:335: number of concurrent futures: 3
2026-01-29 15:59:23  INFO ThreadId(13) biliup_cli::uploader: crates/biliup-cli/src/uploader.rs:359: No checkpoint found, starting fresh upload
2026-01-29 15:59:26  INFO ThreadId(13) biliup::uploader::line: crates/biliup/src/uploader/line.rs:99: probe_version=20250923&upcdn=txa&zone=cs: 2587
2026-01-29 15:59:28  INFO ThreadId(13) biliup::uploader::line: crates/biliup/src/uploader/line.rs:99: probe_version=20250923&upcdn=alia&zone=cs: 2383
2026-01-29 15:59:28  INFO ThreadId(13) biliup_cli::uploader: crates/biliup-cli/src/uploader.rs:398: Line { os: Upos, probe_url: "//upos-cs-upcdnalia.bilivideo.com/OK", query: "probe_version=20250923&upcdn=alia&zone=cs", cost: 2383 }
2026-01-29 15:59:28  INFO ThreadId(13) biliup::uploader::line: crates/biliup/src/uploader/line.rs:149: pre_upload: {"build":2140000,"name":"Sintel - Open Movie by Blender Foundation.mp4","profile":"ugcupos/bup","r":"upos","size":33682652,"ssl":0,"version":"2.14.0"}
2026-01-29 15:59:36  INFO ThreadId(13) biliup_cli::uploader: crates/biliup-cli/src/uploader.rs:502: Upload completed: Sintel - Open Movie by Blender Foundation.mp4 => cost 8.01s, 4.21 MB/s.
2026-01-29 15:59:36  INFO ThreadId(13) biliup_cli::uploader: crates/biliup-cli/src/uploader.rs:513: Checkpoint saved: 1 files uploaded
2026-01-29 15:59:36  INFO ThreadId(13) biliup_cli::uploader: crates/biliup-cli/src/uploader.rs:525: All files uploaded successfully, checkpoint removed
2026-01-29 15:59:37  INFO ThreadId(13) biliup::uploader::bilibili: crates/biliup/src/uploader/bilibili.rs:365: ResponseData { code: 0, data: Some(Object {"aid": Number(115977320665449), "bvid": String("BV1jB6FBZEpz"), "push_intro": Object {"show": Number(1), "text": String("打开系统通知开关，及时获悉稿件状态")}, "submitact_banner": Object {"hotact_text": String(""), "hotact_url": String(""), "list": Null}}), message: "0", ttl: Some(1) }
2026-01-29 15:59:37  INFO ThreadId(13) biliup::uploader::bilibili: crates/biliup/src/uploader/bilibili.rs:367: APP接口投稿成功
2026-01-29 15:59:53  INFO ThreadId(13) stream_gears::server: crates/stream-gears/src/server.rs:449: Tracing initialized with daily rotation
2026-01-29 15:59:53  INFO ThreadId(13) biliup_cli::uploader: crates/biliup-cli/src/uploader.rs:300: user: fzjjs
2026-01-29 15:59:53  INFO ThreadId(13) biliup_cli::uploader: crates/biliup-cli/src/uploader.rs:335: number of concurrent futures: 3
2026-01-29 15:59:53  INFO ThreadId(13) biliup_cli::uploader: crates/biliup-cli/src/uploader.rs:359: No checkpoint found, starting fresh upload
2026-01-29 15:59:56  INFO ThreadId(13) biliup::uploader::line: crates/biliup/src/uploader/line.rs:99: probe_version=20250923&upcdn=alia&zone=cs: 2329
2026-01-29 15:59:58  INFO ThreadId(13) biliup::uploader::line: crates/biliup/src/uploader/line.rs:99: probe_version=20250923&upcdn=txa&zone=cs: 2308
2026-01-29 15:59:58  INFO ThreadId(13) biliup_cli::uploader: crates/biliup-cli/src/uploader.rs:398: Line { os: Upos, probe_url: "//upos-cs-upcdntxa.bilivideo.com/OK", query: "probe_version=20250923&upcdn=txa&zone=cs", cost: 2308 }
2026-01-29 15:59:58  INFO ThreadId(13) biliup::uploader::line: crates/biliup/src/uploader/line.rs:149: pre_upload: {"build":2140000,"name":"Sintel - Open Movie by Blender Foundation.mp4","profile":"ugcupos/bup","r":"upos","size":33682652,"ssl":0,"version":"2.14.0"}
2026-01-29 16:00:06  INFO ThreadId(13) biliup_cli::uploader: crates/biliup-cli/src/uploader.rs:502: Upload completed: Sintel - Open Movie by Blender Foundation.mp4 => cost 7.50s, 4.49 MB/s.
2026-01-29 16:00:06  INFO ThreadId(13) biliup_cli::uploader: crates/biliup-cli/src/uploader.rs:513: Checkpoint saved: 1 files uploaded
2026-01-29 16:00:06  INFO ThreadId(13) biliup_cli::uploader: crates/biliup-cli/src/uploader.rs:525: All files uploaded successfully, checkpoint removed
2026-01-29 16:00:06  INFO ThreadId(13) biliup::uploader::bilibili: crates/biliup/src/uploader/bilibili.rs:365: ResponseData { code: 0, data: Some(Object {"aid": Number(115977320665222), "bvid": String("BV1jB6FBZEj2"), "push_intro": Object {"show": Number(1), "text": String("打开系统通知开关，及时获悉稿件状态")}, "submitact_banner": Object {"hotact_text": String(""), "hotact_url": String(""), "list": Null}}), message: "0", ttl: Some(1) }
2026-01-29 16:00:06  INFO ThreadId(13) biliup::uploader::bilibili: crates/biliup/src/uploader/bilibili.rs:367: APP接口投稿成功
2026-01-29 16:00:57  INFO ThreadId(13) stream_gears::server: crates/stream-gears/src/server.rs:449: Tracing initialized with daily rotation
2026-01-29 16:00:58  INFO ThreadId(13) biliup_cli::uploader: crates/biliup-cli/src/uploader.rs:300: user: fzjjs
2026-01-29 16:00:58  INFO ThreadId(13) biliup_cli::uploader: crates/biliup-cli/src/uploader.rs:335: number of concurrent futures: 3
2026-01-29 16:00:58  INFO ThreadId(13) biliup_cli::uploader: crates/biliup-cli/src/uploader.rs:359: No checkpoint found, starting fresh upload
2026-01-29 16:01:00  INFO ThreadId(13) biliup::uploader::line: crates/biliup/src/uploader/line.rs:99: probe_version=20250923&upcdn=txa&zone=cs: 2262
2026-01-29 16:01:03  INFO ThreadId(13) biliup::uploader::line: crates/biliup/src/uploader/line.rs:99: probe_version=20250923&upcdn=alia&zone=cs: 2575
2026-01-29 16:01:03  INFO ThreadId(13) biliup_cli::uploader: crates/biliup-cli/src/uploader.rs:398: Line { os: Upos, probe_url: "//upos-cs-upcdntxa.bilivideo.com/OK", query: "probe_version=20250923&upcdn=txa&zone=cs", cost: 2262 }
2026-01-29 16:01:03  INFO ThreadId(13) biliup::uploader::line: crates/biliup/src/uploader/line.rs:149: pre_upload: {"build":2140000,"name":"Sintel - Open Movie by Blender Foundation.mp4","profile":"ugcupos/bup","r":"upos","size":33682652,"ssl":0,"version":"2.14.0"}
2026-01-29 16:01:10  INFO ThreadId(13) biliup_cli::uploader: crates/biliup-cli/src/uploader.rs:502: Upload completed: Sintel - Open Movie by Blender Foundation.mp4 => cost 7.61s, 4.43 MB/s.
2026-01-29 16:01:10  INFO ThreadId(13) biliup_cli::uploader: crates/biliup-cli/src/uploader.rs:513: Checkpoint saved: 1 files uploaded
2026-01-29 16:01:10  INFO ThreadId(13) biliup_cli::uploader: crates/biliup-cli/src/uploader.rs:525: All files uploaded successfully, checkpoint removed
2026-01-29 16:01:11  INFO ThreadId(13) biliup::uploader::bilibili: crates/biliup/src/uploader/bilibili.rs:365: ResponseData { code: 0, data: Some(Object {"aid": Number(115977320662214), "bvid": String("BV15B6FBZEyW"), "push_intro": Object {"show": Number(0), "text": String("")}, "submitact_banner": Object {"hotact_text": String(""), "hotact_url": String(""), "list": Null}}), message: "0", ttl: Some(1) }
2026-01-29 16:01:11  INFO ThreadId(13) biliup::uploader::bilibili: crates/biliup/src/uploader/bilibili.rs:367: APP接口投稿成功
2026-01-29 16:02:39  INFO ThreadId(13) stream_gears::server: crates/stream-gears/src/server.rs:449: Tracing initialized with daily rotation
2026-01-29 16:02:39  INFO ThreadId(13) biliup_cli::uploader: crates/biliup-cli/src/uploader.rs:300: user: fzjjs
2026-01-29 16:02:39  INFO ThreadId(13) biliup_cli::uploader: crates/biliup-cli/src/uploader.rs:335: number of concurrent futures: 3
2026-01-29 16:02:39  INFO ThreadId(13) biliup_cli::uploader: crates/biliup-cli/src/uploader.rs:359: No checkpoint found, starting fresh upload
2026-01-29 16:02:42  INFO ThreadId(13) biliup::uploader::line: crates/biliup/src/uploader/line.rs:99: probe_version=20250923&upcdn=alia&zone=cs: 2728
2026-01-29 16:02:45  INFO ThreadId(13) biliup::uploader::line: crates/biliup/src/uploader/line.rs:99: probe_version=20250923&upcdn=txa&zone=cs: 3131
2026-01-29 16:02:45  INFO ThreadId(13) biliup_cli::uploader: crates/biliup-cli/src/uploader.rs:398: Line { os: Upos, probe_url: "//upos-cs-upcdnalia.bilivideo.com/OK", query: "probe_version=20250923&upcdn=alia&zone=cs", cost: 2728 }
2026-01-29 16:02:45  INFO ThreadId(13) biliup::uploader::line: crates/biliup/src/uploader/line.rs:149: pre_upload: {"build":2140000,"name":"Sintel - Open Movie by Blender Foundation.mp4","profile":"ugcupos/bup","r":"upos","size":33682652,"ssl":0,"version":"2.14.0"}
2026-01-29 16:02:53  INFO ThreadId(13) biliup_cli::uploader: crates/biliup-cli/src/uploader.rs:502: Upload completed: Sintel - Open Movie by Blender Foundation.mp4 => cost 8.47s, 3.98 MB/s.
2026-01-29 16:02:53  INFO ThreadId(13) biliup_cli::uploader: crates/biliup-cli/src/uploader.rs:513: Checkpoint saved: 1 files uploaded
2026-01-29 16:02:53  INFO ThreadId(13) biliup_cli::uploader: crates/biliup-cli/src/uploader.rs:525: All files uploaded successfully, checkpoint removed
2026-01-29 16:02:54  INFO ThreadId(13) biliup::uploader::bilibili: crates/biliup/src/uploader/bilibili.rs:365: ResponseData { code: 0, data: Some(Object {"aid": Number(115977337442350), "bvid": String("BV1Jh6FBYER6"), "push_intro": Object {"show": Number(0), "text": String("")}, "submitact_banner": Object {"hotact_text": String(""), "hotact_url": String(""), "list": Null}}), message: "0", ttl: Some(1) }
2026-01-29 16:02:54  INFO ThreadId(13) biliup::uploader::bilibili: crates/biliup/src/uploader/bilibili.rs:367: APP接口投稿成功
2026-01-29 16:03:09  INFO ThreadId(13) stream_gears::server: crates/stream-gears/src/server.rs:449: Tracing initialized with daily rotation
2026-01-29 16:03:09  INFO ThreadId(13) biliup_cli::uploader: crates/biliup-cli/src/uploader.rs:300: user: fzjjs
2026-01-29 16:03:09  INFO ThreadId(13) biliup_cli::uploader: crates/biliup-cli/src/uploader.rs:335: number of concurrent futures: 3
2026-01-29 16:03:09  INFO ThreadId(13) biliup_cli::uploader: crates/biliup-cli/src/uploader.rs:359: No checkpoint found, starting fresh upload
2026-01-29 16:03:12  INFO ThreadId(13) biliup::uploader::line: crates/biliup/src/uploader/line.rs:99: probe_version=20250923&upcdn=alia&zone=cs: 2642
2026-01-29 16:03:15  INFO ThreadId(13) biliup::uploader::line: crates/biliup/src/uploader/line.rs:99: probe_version=20250923&upcdn=txa&zone=cs: 2560
2026-01-29 16:03:15  INFO ThreadId(13) biliup_cli::uploader: crates/biliup-cli/src/uploader.rs:398: Line { os: Upos, probe_url: "//upos-cs-upcdntxa.bilivideo.com/OK", query: "probe_version=20250923&upcdn=txa&zone=cs", cost: 2560 }
2026-01-29 16:03:15  INFO ThreadId(13) biliup::uploader::line: crates/biliup/src/uploader/line.rs:149: pre_upload: {"build":2140000,"name":"Sintel - Open Movie by Blender Foundation.mp4","profile":"ugcupos/bup","r":"upos","size":33682652,"ssl":0,"version":"2.14.0"}
2026-01-29 16:03:23  INFO ThreadId(13) biliup_cli::uploader: crates/biliup-cli/src/uploader.rs:502: Upload completed: Sintel - Open Movie by Blender Foundation.mp4 => cost 7.88s, 4.27 MB/s.
2026-01-29 16:03:23  INFO ThreadId(13) biliup_cli::uploader: crates/biliup-cli/src/uploader.rs:513: Checkpoint saved: 1 files uploaded
2026-01-29 16:03:23  INFO ThreadId(13) biliup_cli::uploader: crates/biliup-cli/src/uploader.rs:525: All files uploaded successfully, checkpoint removed
2026-01-29 16:03:23  INFO ThreadId(13) biliup::uploader::bilibili: crates/biliup/src/uploader/bilibili.rs:365: ResponseData { code: 0, data: Some(Object {"aid": Number(115977337445707), "bvid": String("BV1Jh6FBYEAp"), "push_intro": Object {"show": Number(0), "text": String("")}, "submitact_banner": Object {"hotact_text": String(""), "hotact_url": String(""), "list": Null}}), message: "0", ttl: Some(1) }
2026-01-29 16:03:23  INFO ThreadId(13) biliup::uploader::bilibili: crates/biliup/src/uploader/bilibili.rs:367: APP接口投稿成功
2026-01-29 16:03:28  INFO ThreadId(13) stream_gears::server: crates/stream-gears/src/server.rs:449: Tracing initialized with daily rotation
2026-01-29 16:03:28  INFO ThreadId(13) biliup_cli::uploader: crates/biliup-cli/src/uploader.rs:300: user: fzjjs
2026-01-29 16:03:28  INFO ThreadId(13) biliup_cli::uploader: crates/biliup-cli/src/uploader.rs:335: number of concurrent futures: 3
2026-01-29 16:03:28  INFO ThreadId(13) biliup_cli::uploader: crates/biliup-cli/src/uploader.rs:359: No checkpoint found, starting fresh upload
2026-01-29 16:03:31  INFO ThreadId(13) biliup::uploader::line: crates/biliup/src/uploader/line.rs:99: probe_version=20250923&upcdn=txa&zone=cs: 2485
2026-01-29 16:03:33  INFO ThreadId(13) biliup::uploader::line: crates/biliup/src/uploader/line.rs:99: probe_version=20250923&upcdn=alia&zone=cs: 2388
2026-01-29 16:03:33  INFO ThreadId(13) biliup_cli::uploader: crates/biliup-cli/src/uploader.rs:398: Line { os: Upos, probe_url: "//upos-cs-upcdnalia.bilivideo.com/OK", query: "probe_version=20250923&upcdn=alia&zone=cs", cost: 2388 }
2026-01-29 16:03:33  INFO ThreadId(13) biliup::uploader::line: crates/biliup/src/uploader/line.rs:149: pre_upload: {"build":2140000,"name":"Sintel - Open Movie by Blender Foundation.mp4","profile":"ugcupos/bup","r":"upos","size":33682652,"ssl":0,"version":"2.14.0"}
2026-01-29 16:03:42  INFO ThreadId(13) biliup_cli::uploader: crates/biliup-cli/src/uploader.rs:502: Upload completed: Sintel - Open Movie by Blender Foundation.mp4 => cost 9.01s, 3.74 MB/s.
2026-01-29 16:03:42  INFO ThreadId(13) biliup_cli::uploader: crates/biliup-cli/src/uploader.rs:513: Checkpoint saved: 1 files uploaded
2026-01-29 16:03:42  INFO ThreadId(13) biliup_cli::uploader: crates/biliup-cli/src/uploader.rs:525: All files uploaded successfully, checkpoint removed
2026-01-29 16:03:43  INFO ThreadId(13) biliup::uploader::bilibili: crates/biliup/src/uploader/bilibili.rs:365: ResponseData { code: 0, data: Some(Object {"aid": Number(115977337442655), "bvid": String("BV1Jh6FBYEZM"), "push_intro": Object {"show": Number(0), "text": String("")}, "submitact_banner": Object {"hotact_text": String(""), "hotact_url": String(""), "list": Null}}), message: "0", ttl: Some(1) }
2026-01-29 16:03:43  INFO ThreadId(13) biliup::uploader::bilibili: crates/biliup/src/uploader/bilibili.rs:367: APP接口投稿成功
2026-01-29 16:17:48  INFO ThreadId(13) stream_gears::server: crates/stream-gears/src/server.rs:449: Tracing initialized with daily rotation
2026-01-29 16:17:49  INFO ThreadId(13) biliup_cli::uploader: crates/biliup-cli/src/uploader.rs:300: user: fzjjs
2026-01-29 16:17:49  INFO ThreadId(13) biliup_cli::uploader: crates/biliup-cli/src/uploader.rs:335: number of concurrent futures: 3
2026-01-29 16:17:49  INFO ThreadId(13) biliup_cli::uploader: crates/biliup-cli/src/uploader.rs:359: No checkpoint found, starting fresh upload
2026-01-29 16:17:51  INFO ThreadId(13) biliup::uploader::line: crates/biliup/src/uploader/line.rs:99: probe_version=20250923&upcdn=alia&zone=cs: 2064
2026-01-29 16:17:53  INFO ThreadId(13) biliup::uploader::line: crates/biliup/src/uploader/line.rs:99: probe_version=20250923&upcdn=txa&zone=cs: 1904
2026-01-29 16:17:53  INFO ThreadId(13) biliup_cli::uploader: crates/biliup-cli/src/uploader.rs:398: Line { os: Upos, probe_url: "//upos-cs-upcdntxa.bilivideo.com/OK", query: "probe_version=20250923&upcdn=txa&zone=cs", cost: 1904 }
2026-01-29 16:17:53  INFO ThreadId(13) biliup::uploader::line: crates/biliup/src/uploader/line.rs:149: pre_upload: {"build":2140000,"name":"Sintel - Open Movie by Blender Foundation.mp4","profile":"ugcupos/bup","r":"upos","size":33682652,"ssl":0,"version":"2.14.0"}
2026-01-29 16:17:59  INFO ThreadId(13) biliup_cli::uploader: crates/biliup-cli/src/uploader.rs:502: Upload completed: Sintel - Open Movie by Blender Foundation.mp4 => cost 6.16s, 5.47 MB/s.
2026-01-29 16:17:59  INFO ThreadId(13) biliup_cli::uploader: crates/biliup-cli/src/uploader.rs:513: Checkpoint saved: 1 files uploaded
2026-01-29 16:17:59  INFO ThreadId(13) biliup_cli::uploader: crates/biliup-cli/src/uploader.rs:525: All files uploaded successfully, checkpoint removed
2026-01-29 16:17:59  INFO ThreadId(13) biliup::uploader::bilibili: crates/biliup/src/uploader/bilibili.rs:365: ResponseData { code: 0, data: Some(Object {"aid": Number(115977387843511), "bvid": String("BV1BY6FBwEoQ"), "push_intro": Object {"show": Number(0), "text": String("")}, "submitact_banner": Object {"hotact_text": String(""), "hotact_url": String(""), "list": Null}}), message: "0", ttl: Some(1) }
2026-01-29 16:17:59  INFO ThreadId(13) biliup::uploader::bilibili: crates/biliup/src/uploader/bilibili.rs:367: APP接口投稿成功
2026-01-29 16:18:14  INFO ThreadId(13) stream_gears::server: crates/stream-gears/src/server.rs:449: Tracing initialized with daily rotation
2026-01-29 16:18:15  INFO ThreadId(13) biliup_cli::uploader: crates/biliup-cli/src/uploader.rs:300: user: fzjjs
2026-01-29 16:18:15  INFO ThreadId(13) biliup_cli::uploader: crates/biliup-cli/src/uploader.rs:335: number of concurrent futures: 3
2026-01-29 16:18:15  INFO ThreadId(13) biliup_cli::uploader: crates/biliup-cli/src/uploader.rs:359: No checkpoint found, starting fresh upload
2026-01-29 16:18:17  INFO ThreadId(13) biliup::uploader::line: crates/biliup/src/uploader/line.rs:99: probe_version=20250923&upcdn=alia&zone=cs: 2426
2026-01-29 16:18:20  INFO ThreadId(13) biliup::uploader::line: crates/biliup/src/uploader/line.rs:99: probe_version=20250923&upcdn=txa&zone=cs: 2186
2026-01-29 16:18:20  INFO ThreadId(13) biliup_cli::uploader: crates/biliup-cli/src/uploader.rs:398: Line { os: Upos, probe_url: "//upos-cs-upcdntxa.bilivideo.com/OK", query: "probe_version=20250923&upcdn=txa&zone=cs", cost: 2186 }
2026-01-29 16:18:20  INFO ThreadId(13) biliup::uploader::line: crates/biliup/src/uploader/line.rs:149: pre_upload: {"build":2140000,"name":"Sintel - Open Movie by Blender Foundation.mp4","profile":"ugcupos/bup","r":"upos","size":33682652,"ssl":0,"version":"2.14.0"}
2026-01-29 16:18:28  INFO ThreadId(13) biliup_cli::uploader: crates/biliup-cli/src/uploader.rs:502: Upload completed: Sintel - Open Movie by Blender Foundation.mp4 => cost 8.40s, 4.01 MB/s.
2026-01-29 16:18:28  INFO ThreadId(13) biliup_cli::uploader: crates/biliup-cli/src/uploader.rs:513: Checkpoint saved: 1 files uploaded
2026-01-29 16:18:28  INFO ThreadId(13) biliup_cli::uploader: crates/biliup-cli/src/uploader.rs:525: All files uploaded successfully, checkpoint removed
2026-01-29 16:18:28  INFO ThreadId(13) biliup::uploader::bilibili: crates/biliup/src/uploader/bilibili.rs:365: ResponseData { code: 21566, data: None, message: "投稿过于频繁，建议将APP升级至最新版本后再试", ttl: Some(1) }
2026-01-29 16:18:57  INFO ThreadId(13) stream_gears::server: crates/stream-gears/src/server.rs:449: Tracing initialized with daily rotation
2026-01-29 16:18:57  INFO ThreadId(13) biliup_cli::uploader: crates/biliup-cli/src/uploader.rs:300: user: fzjjs
2026-01-29 16:18:57  INFO ThreadId(13) biliup_cli::uploader: crates/biliup-cli/src/uploader.rs:335: number of concurrent futures: 3
2026-01-29 16:18:57  INFO ThreadId(13) biliup_cli::uploader: crates/biliup-cli/src/uploader.rs:359: No checkpoint found, starting fresh upload
2026-01-29 16:18:59  INFO ThreadId(13) biliup::uploader::line: crates/biliup/src/uploader/line.rs:99: probe_version=20250923&upcdn=alia&zone=cs: 2257
2026-01-29 16:19:02  INFO ThreadId(13) biliup::uploader::line: crates/biliup/src/uploader/line.rs:99: probe_version=20250923&upcdn=txa&zone=cs: 2502
2026-01-29 16:19:02  INFO ThreadId(13) biliup_cli::uploader: crates/biliup-cli/src/uploader.rs:398: Line { os: Upos, probe_url: "//upos-cs-upcdnalia.bilivideo.com/OK", query: "probe_version=20250923&upcdn=alia&zone=cs", cost: 2257 }
2026-01-29 16:19:02  INFO ThreadId(13) biliup::uploader::line: crates/biliup/src/uploader/line.rs:149: pre_upload: {"build":2140000,"name":"Sintel - Open Movie by Blender Foundation.mp4","profile":"ugcupos/bup","r":"upos","size":33682652,"ssl":0,"version":"2.14.0"}
2026-01-29 16:19:08  INFO ThreadId(13) biliup_cli::uploader: crates/biliup-cli/src/uploader.rs:502: Upload completed: Sintel - Open Movie by Blender Foundation.mp4 => cost 6.21s, 5.42 MB/s.
2026-01-29 16:19:08  INFO ThreadId(13) biliup_cli::uploader: crates/biliup-cli/src/uploader.rs:513: Checkpoint saved: 1 files uploaded
2026-01-29 16:19:08  INFO ThreadId(13) biliup_cli::uploader: crates/biliup-cli/src/uploader.rs:525: All files uploaded successfully, checkpoint removed
2026-01-29 16:19:08  INFO ThreadId(13) biliup::uploader::bilibili: crates/biliup/src/uploader/bilibili.rs:365: ResponseData { code: 21566, data: None, message: "投稿过于频繁，建议将APP升级至最新版本后再试", ttl: Some(1) }
2026-01-29 16:19:22  INFO ThreadId(13) stream_gears::server: crates/stream-gears/src/server.rs:449: Tracing initialized with daily rotation
2026-01-29 16:19:22  INFO ThreadId(13) biliup_cli::uploader: crates/biliup-cli/src/uploader.rs:300: user: fzjjs
2026-01-29 16:19:22  INFO ThreadId(13) biliup_cli::uploader: crates/biliup-cli/src/uploader.rs:335: number of concurrent futures: 3
2026-01-29 16:19:22  INFO ThreadId(13) biliup_cli::uploader: crates/biliup-cli/src/uploader.rs:359: No checkpoint found, starting fresh upload
2026-01-29 16:19:24  INFO ThreadId(13) biliup::uploader::line: crates/biliup/src/uploader/line.rs:99: probe_version=20250923&upcdn=alia&zone=cs: 2027
2026-01-29 16:19:26  INFO ThreadId(13) biliup::uploader::line: crates/biliup/src/uploader/line.rs:99: probe_version=20250923&upcdn=txa&zone=cs: 1919
2026-01-29 16:19:26  INFO ThreadId(13) biliup_cli::uploader: crates/biliup-cli/src/uploader.rs:398: Line { os: Upos, probe_url: "//upos-cs-upcdntxa.bilivideo.com/OK", query: "probe_version=20250923&upcdn=txa&zone=cs", cost: 1919 }
2026-01-29 16:19:26  INFO ThreadId(13) biliup::uploader::line: crates/biliup/src/uploader/line.rs:149: pre_upload: {"build":2140000,"name":"Sintel - Open Movie by Blender Foundation.mp4","profile":"ugcupos/bup","r":"upos","size":33682652,"ssl":0,"version":"2.14.0"}
2026-01-29 16:19:33  INFO ThreadId(13) biliup_cli::uploader: crates/biliup-cli/src/uploader.rs:502: Upload completed: Sintel - Open Movie by Blender Foundation.mp4 => cost 6.35s, 5.30 MB/s.
2026-01-29 16:19:33  INFO ThreadId(13) biliup_cli::uploader: crates/biliup-cli/src/uploader.rs:513: Checkpoint saved: 1 files uploaded
2026-01-29 16:19:33  INFO ThreadId(13) biliup_cli::uploader: crates/biliup-cli/src/uploader.rs:525: All files uploaded successfully, checkpoint removed
2026-01-29 16:19:33  INFO ThreadId(13) biliup::uploader::bilibili: crates/biliup/src/uploader/bilibili.rs:365: ResponseData { code: 21566, data: None, message: "投稿过于频繁，建议将APP升级至最新版本后再试", ttl: Some(1) }
2026-01-29 16:19:53  INFO ThreadId(13) stream_gears::server: crates/stream-gears/src/server.rs:449: Tracing initialized with daily rotation
2026-01-29 16:19:53  INFO ThreadId(13) biliup_cli::uploader: crates/biliup-cli/src/uploader.rs:300: user: fzjjs
2026-01-29 16:19:53  INFO ThreadId(13) biliup_cli::uploader: crates/biliup-cli/src/uploader.rs:335: number of concurrent futures: 3
2026-01-29 16:19:53  INFO ThreadId(13) biliup_cli::uploader: crates/biliup-cli/src/uploader.rs:359: No checkpoint found, starting fresh upload
2026-01-29 16:19:55  INFO ThreadId(13) biliup::uploader::line: crates/biliup/src/uploader/line.rs:99: probe_version=20250923&upcdn=txa&zone=cs: 1858
2026-01-29 16:19:57  INFO ThreadId(13) biliup::uploader::line: crates/biliup/src/uploader/line.rs:99: probe_version=20250923&upcdn=alia&zone=cs: 1984
2026-01-29 16:19:57  INFO ThreadId(13) biliup_cli::uploader: crates/biliup-cli/src/uploader.rs:398: Line { os: Upos, probe_url: "//upos-cs-upcdntxa.bilivideo.com/OK", query: "probe_version=20250923&upcdn=txa&zone=cs", cost: 1858 }
2026-01-29 16:19:57  INFO ThreadId(13) biliup::uploader::line: crates/biliup/src/uploader/line.rs:149: pre_upload: {"build":2140000,"name":"Sintel - Open Movie by Blender Foundation.mp4","profile":"ugcupos/bup","r":"upos","size":33682652,"ssl":0,"version":"2.14.0"}
2026-01-29 16:20:03  INFO ThreadId(13) biliup_cli::uploader: crates/biliup-cli/src/uploader.rs:502: Upload completed: Sintel - Open Movie by Blender Foundation.mp4 => cost 6.07s, 5.55 MB/s.
2026-01-29 16:20:03  INFO ThreadId(13) biliup_cli::uploader: crates/biliup-cli/src/uploader.rs:513: Checkpoint saved: 1 files uploaded
2026-01-29 16:20:03  INFO ThreadId(13) biliup_cli::uploader: crates/biliup-cli/src/uploader.rs:525: All files uploaded successfully, checkpoint removed
2026-01-29 16:20:04  INFO ThreadId(13) biliup::uploader::bilibili: crates/biliup/src/uploader/bilibili.rs:365: ResponseData { code: 21566, data: None, message: "投稿过于频繁，建议将APP升级至最新版本后再试", ttl: Some(1) }
2026-01-29 16:21:24  INFO ThreadId(13) stream_gears::server: crates/stream-gears/src/server.rs:449: Tracing initialized with daily rotation
2026-01-29 16:21:24  INFO ThreadId(13) biliup_cli::uploader: crates/biliup-cli/src/uploader.rs:300: user: fzjjs
2026-01-29 16:21:24  INFO ThreadId(13) biliup_cli::uploader: crates/biliup-cli/src/uploader.rs:335: number of concurrent futures: 3
2026-01-29 16:21:24  INFO ThreadId(13) biliup_cli::uploader: crates/biliup-cli/src/uploader.rs:359: No checkpoint found, starting fresh upload
2026-01-29 16:21:28  INFO ThreadId(13) biliup::uploader::line: crates/biliup/src/uploader/line.rs:99: probe_version=20250923&upcdn=txa&zone=cs: 3884
2026-01-29 16:21:32  INFO ThreadId(13) biliup::uploader::line: crates/biliup/src/uploader/line.rs:99: probe_version=20250923&upcdn=alia&zone=cs: 3675
2026-01-29 16:21:32  INFO ThreadId(13) biliup_cli::uploader: crates/biliup-cli/src/uploader.rs:398: Line { os: Upos, probe_url: "//upos-cs-upcdnalia.bilivideo.com/OK", query: "probe_version=20250923&upcdn=alia&zone=cs", cost: 3675 }
2026-01-29 16:21:32  INFO ThreadId(13) biliup::uploader::line: crates/biliup/src/uploader/line.rs:149: pre_upload: {"build":2140000,"name":"Sintel - Open Movie by Blender Foundation.mp4","profile":"ugcupos/bup","r":"upos","size":33682652,"ssl":0,"version":"2.14.0"}
2026-01-29 16:21:42  INFO ThreadId(13) biliup_cli::uploader: crates/biliup-cli/src/uploader.rs:502: Upload completed: Sintel - Open Movie by Blender Foundation.mp4 => cost 9.44s, 3.57 MB/s.
2026-01-29 16:21:42  INFO ThreadId(13) biliup_cli::uploader: crates/biliup-cli/src/uploader.rs:513: Checkpoint saved: 1 files uploaded
2026-01-29 16:21:42  INFO ThreadId(13) biliup_cli::uploader: crates/biliup-cli/src/uploader.rs:525: All files uploaded successfully, checkpoint removed
2026-01-29 16:21:42  INFO ThreadId(13) biliup::uploader::bilibili: crates/biliup/src/uploader/bilibili.rs:365: ResponseData { code: 21566, data: None, message: "投稿过于频繁，建议将APP升级至最新版本后再试", ttl: Some(1) }
2026-01-29 16:22:00  INFO ThreadId(13) stream_gears::server: crates/stream-gears/src/server.rs:449: Tracing initialized with daily rotation
2026-01-29 16:22:00  INFO ThreadId(13) biliup_cli::uploader: crates/biliup-cli/src/uploader.rs:300: user: fzjjs
2026-01-29 16:22:00  INFO ThreadId(13) biliup_cli::uploader: crates/biliup-cli/src/uploader.rs:335: number of concurrent futures: 3
2026-01-29 16:22:00  INFO ThreadId(13) biliup_cli::uploader: crates/biliup-cli/src/uploader.rs:359: No checkpoint found, starting fresh upload
2026-01-29 16:22:04  INFO ThreadId(13) biliup::uploader::line: crates/biliup/src/uploader/line.rs:99: probe_version=20250923&upcdn=txa&zone=cs: 3933
2026-01-29 16:22:08  INFO ThreadId(13) biliup::uploader::line: crates/biliup/src/uploader/line.rs:99: probe_version=20250923&upcdn=alia&zone=cs: 3585
2026-01-29 16:22:08  INFO ThreadId(13) biliup_cli::uploader: crates/biliup-cli/src/uploader.rs:398: Line { os: Upos, probe_url: "//upos-cs-upcdnalia.bilivideo.com/OK", query: "probe_version=20250923&upcdn=alia&zone=cs", cost: 3585 }
2026-01-29 16:22:08  INFO ThreadId(13) biliup::uploader::line: crates/biliup/src/uploader/line.rs:149: pre_upload: {"build":2140000,"name":"Sintel - Open Movie by Blender Foundation.mp4","profile":"ugcupos/bup","r":"upos","size":33682652,"ssl":0,"version":"2.14.0"}
2026-01-29 16:22:18  INFO ThreadId(13) biliup_cli::uploader: crates/biliup-cli/src/uploader.rs:502: Upload completed: Sintel - Open Movie by Blender Foundation.mp4 => cost 10.42s, 3.23 MB/s.
2026-01-29 16:22:18  INFO ThreadId(13) biliup_cli::uploader: crates/biliup-cli/src/uploader.rs:513: Checkpoint saved: 1 files uploaded
2026-01-29 16:22:18  INFO ThreadId(13) biliup_cli::uploader: crates/biliup-cli/src/uploader.rs:525: All files uploaded successfully, checkpoint removed
2026-01-29 16:22:18  INFO ThreadId(13) biliup::uploader::bilibili: crates/biliup/src/uploader/bilibili.rs:365: ResponseData { code: 21566, data: None, message: "投稿过于频繁，建议将APP升级至最新版本后再试", ttl: Some(1) }
2026-01-29 16:22:38  INFO ThreadId(13) stream_gears::server: crates/stream-gears/src/server.rs:449: Tracing initialized with daily rotation
2026-01-29 16:22:38  INFO ThreadId(13) biliup_cli::uploader: crates/biliup-cli/src/uploader.rs:300: user: fzjjs
2026-01-29 16:22:38  INFO ThreadId(13) biliup_cli::uploader: crates/biliup-cli/src/uploader.rs:335: number of concurrent futures: 3
2026-01-29 16:22:38  INFO ThreadId(13) biliup_cli::uploader: crates/biliup-cli/src/uploader.rs:359: No checkpoint found, starting fresh upload
2026-01-29 16:22:41  INFO ThreadId(13) biliup::uploader::line: crates/biliup/src/uploader/line.rs:99: probe_version=20250923&upcdn=txa&zone=cs: 2503
2026-01-29 16:22:44  INFO ThreadId(13) biliup::uploader::line: crates/biliup/src/uploader/line.rs:99: probe_version=20250923&upcdn=alia&zone=cs: 2740
2026-01-29 16:22:44  INFO ThreadId(13) biliup_cli::uploader: crates/biliup-cli/src/uploader.rs:398: Line { os: Upos, probe_url: "//upos-cs-upcdntxa.bilivideo.com/OK", query: "probe_version=20250923&upcdn=txa&zone=cs", cost: 2503 }
2026-01-29 16:22:44  INFO ThreadId(13) biliup::uploader::line: crates/biliup/src/uploader/line.rs:149: pre_upload: {"build":2140000,"name":"Sintel - Open Movie by Blender Foundation.mp4","profile":"ugcupos/bup","r":"upos","size":33682652,"ssl":0,"version":"2.14.0"}
2026-01-29 16:22:53  INFO ThreadId(13) biliup_cli::uploader: crates/biliup-cli/src/uploader.rs:502: Upload completed: Sintel - Open Movie by Blender Foundation.mp4 => cost 8.91s, 3.78 MB/s.
2026-01-29 16:22:53  INFO ThreadId(13) biliup_cli::uploader: crates/biliup-cli/src/uploader.rs:513: Checkpoint saved: 1 files uploaded
2026-01-29 16:22:53  INFO ThreadId(13) biliup_cli::uploader: crates/biliup-cli/src/uploader.rs:525: All files uploaded successfully, checkpoint removed
2026-01-29 16:22:53  INFO ThreadId(13) biliup::uploader::bilibili: crates/biliup/src/uploader/bilibili.rs:365: ResponseData { code: 21566, data: None, message: "投稿过于频繁，建议将APP升级至最新版本后再试", ttl: Some(1) }
