2026-01-29 16:18:28,799 __init__.py[line:13](Pid:66462 Tname:MainThread) ERROR Uncaught exception:
Traceback (most recent call last):
  File "/Users/fzjjs/Documents/Great Transport/.venv/bin/biliup", line 9, in <module>
    sys.exit(arg_parser())
             ~~~~~~~~~~^^
  File "/Users/fzjjs/Documents/Great Transport/.venv/lib/python3.14/site-packages/biliup/__main__.py", line 21, in arg_parser
    asyncio.run(main())
    ~~~~~~~~~~~^^^^^^^^
  File "/opt/homebrew/Cellar/python@3.14/3.14.2_1/Frameworks/Python.framework/Versions/3.14/lib/python3.14/asyncio/runners.py", line 204, in run
    return runner.run(main)
           ~~~~~~~~~~^^^^^^
  File "/opt/homebrew/Cellar/python@3.14/3.14.2_1/Frameworks/Python.framework/Versions/3.14/lib/python3.14/asyncio/runners.py", line 127, in run
    return self._loop.run_until_complete(task)
           ~~~~~~~~~~~~~~~~~~~~~~~~~~~~~^^^^^^
  File "/opt/homebrew/Cellar/python@3.14/3.14.2_1/Frameworks/Python.framework/Versions/3.14/lib/python3.14/asyncio/base_events.py", line 719, in run_until_complete
    return future.result()
           ~~~~~~~~~~~~~^^
  File "/Users/fzjjs/Documents/Great Transport/.venv/lib/python3.14/site-packages/biliup/__main__.py", line 33, in main
    await loop.run_in_executor(None, stream_gears.main_loop)
  File "/opt/homebrew/Cellar/python@3.14/3.14.2_1/Frameworks/Python.framework/Versions/3.14/lib/python3.14/concurrent/futures/thread.py", line 86, in run
    result = ctx.run(self.task)
  File "/opt/homebrew/Cellar/python@3.14/3.14.2_1/Frameworks/Python.framework/Versions/3.14/lib/python3.14/concurrent/futures/thread.py", line 73, in run
    return fn(*args, **kwargs)
RuntimeError: [1mUnknown Error[22m
â”œâ•´at [3m/Users/runner/work/biliup/biliup/crates/biliup-cli/src/uploader.rs:154:14[23m
â”‚
â•°â”€â–¶ [1mResponseData { code: 21566, data: None, message: "æŠ•ç¨¿è¿‡äºé¢‘ç¹ï¼Œå»ºè®®å°†APPå‡çº§è‡³æœ€æ–°ç‰ˆæœ¬åå†è¯•", ttl: Some(1) }[22m
    â•°â•´at [3m/Users/runner/work/biliup/biliup/crates/biliup-cli/src/uploader.rs:154:14[23m
2026-01-29 16:19:08,939 __init__.py[line:13](Pid:66791 Tname:MainThread) ERROR Uncaught exception:
Traceback (most recent call last):
  File "/Users/fzjjs/Documents/Great Transport/.venv/bin/biliup", line 9, in <module>
    sys.exit(arg_parser())
             ~~~~~~~~~~^^
  File "/Users/fzjjs/Documents/Great Transport/.venv/lib/python3.14/site-packages/biliup/__main__.py", line 21, in arg_parser
    asyncio.run(main())
    ~~~~~~~~~~~^^^^^^^^
  File "/opt/homebrew/Cellar/python@3.14/3.14.2_1/Frameworks/Python.framework/Versions/3.14/lib/python3.14/asyncio/runners.py", line 204, in run
    return runner.run(main)
           ~~~~~~~~~~^^^^^^
  File "/opt/homebrew/Cellar/python@3.14/3.14.2_1/Frameworks/Python.framework/Versions/3.14/lib/python3.14/asyncio/runners.py", line 127, in run
    return self._loop.run_until_complete(task)
           ~~~~~~~~~~~~~~~~~~~~~~~~~~~~~^^^^^^
  File "/opt/homebrew/Cellar/python@3.14/3.14.2_1/Frameworks/Python.framework/Versions/3.14/lib/python3.14/asyncio/base_events.py", line 719, in run_until_complete
    return future.result()
           ~~~~~~~~~~~~~^^
  File "/Users/fzjjs/Documents/Great Transport/.venv/lib/python3.14/site-packages/biliup/__main__.py", line 33, in main
    await loop.run_in_executor(None, stream_gears.main_loop)
  File "/opt/homebrew/Cellar/python@3.14/3.14.2_1/Frameworks/Python.framework/Versions/3.14/lib/python3.14/concurrent/futures/thread.py", line 86, in run
    result = ctx.run(self.task)
  File "/opt/homebrew/Cellar/python@3.14/3.14.2_1/Frameworks/Python.framework/Versions/3.14/lib/python3.14/concurrent/futures/thread.py", line 73, in run
    return fn(*args, **kwargs)
RuntimeError: [1mUnknown Error[22m
â”œâ•´at [3m/Users/runner/work/biliup/biliup/crates/biliup-cli/src/uploader.rs:154:14[23m
â”‚
â•°â”€â–¶ [1mResponseData { code: 21566, data: None, message: "æŠ•ç¨¿è¿‡äºé¢‘ç¹ï¼Œå»ºè®®å°†APPå‡çº§è‡³æœ€æ–°ç‰ˆæœ¬åå†è¯•", ttl: Some(1) }[22m
    â•°â•´at [3m/Users/runner/work/biliup/biliup/crates/biliup-cli/src/uploader.rs:154:14[23m
2026-01-29 16:19:33,514 __init__.py[line:13](Pid:66952 Tname:MainThread) ERROR Uncaught exception:
Traceback (most recent call last):
  File "/Users/fzjjs/Documents/Great Transport/.venv/bin/biliup", line 9, in <module>
    sys.exit(arg_parser())
             ~~~~~~~~~~^^
  File "/Users/fzjjs/Documents/Great Transport/.venv/lib/python3.14/site-packages/biliup/__main__.py", line 21, in arg_parser
    asyncio.run(main())
    ~~~~~~~~~~~^^^^^^^^
  File "/opt/homebrew/Cellar/python@3.14/3.14.2_1/Frameworks/Python.framework/Versions/3.14/lib/python3.14/asyncio/runners.py", line 204, in run
    return runner.run(main)
           ~~~~~~~~~~^^^^^^
  File "/opt/homebrew/Cellar/python@3.14/3.14.2_1/Frameworks/Python.framework/Versions/3.14/lib/python3.14/asyncio/runners.py", line 127, in run
    return self._loop.run_until_complete(task)
           ~~~~~~~~~~~~~~~~~~~~~~~~~~~~~^^^^^^
  File "/opt/homebrew/Cellar/python@3.14/3.14.2_1/Frameworks/Python.framework/Versions/3.14/lib/python3.14/asyncio/base_events.py", line 719, in run_until_complete
    return future.result()
           ~~~~~~~~~~~~~^^
  File "/Users/fzjjs/Documents/Great Transport/.venv/lib/python3.14/site-packages/biliup/__main__.py", line 33, in main
    await loop.run_in_executor(None, stream_gears.main_loop)
  File "/opt/homebrew/Cellar/python@3.14/3.14.2_1/Frameworks/Python.framework/Versions/3.14/lib/python3.14/concurrent/futures/thread.py", line 86, in run
    result = ctx.run(self.task)
  File "/opt/homebrew/Cellar/python@3.14/3.14.2_1/Frameworks/Python.framework/Versions/3.14/lib/python3.14/concurrent/futures/thread.py", line 73, in run
    return fn(*args, **kwargs)
RuntimeError: [1mUnknown Error[22m
â”œâ•´at [3m/Users/runner/work/biliup/biliup/crates/biliup-cli/src/uploader.rs:154:14[23m
â”‚
â•°â”€â–¶ [1mResponseData { code: 21566, data: None, message: "æŠ•ç¨¿è¿‡äºé¢‘ç¹ï¼Œå»ºè®®å°†APPå‡çº§è‡³æœ€æ–°ç‰ˆæœ¬åå†è¯•", ttl: Some(1) }[22m
    â•°â•´at [3m/Users/runner/work/biliup/biliup/crates/biliup-cli/src/uploader.rs:154:14[23m
2026-01-29 16:20:04,174 __init__.py[line:13](Pid:67199 Tname:MainThread) ERROR Uncaught exception:
Traceback (most recent call last):
  File "/Users/fzjjs/Documents/Great Transport/.venv/bin/biliup", line 9, in <module>
    sys.exit(arg_parser())
             ~~~~~~~~~~^^
  File "/Users/fzjjs/Documents/Great Transport/.venv/lib/python3.14/site-packages/biliup/__main__.py", line 21, in arg_parser
    asyncio.run(main())
    ~~~~~~~~~~~^^^^^^^^
  File "/opt/homebrew/Cellar/python@3.14/3.14.2_1/Frameworks/Python.framework/Versions/3.14/lib/python3.14/asyncio/runners.py", line 204, in run
    return runner.run(main)
           ~~~~~~~~~~^^^^^^
  File "/opt/homebrew/Cellar/python@3.14/3.14.2_1/Frameworks/Python.framework/Versions/3.14/lib/python3.14/asyncio/runners.py", line 127, in run
    return self._loop.run_until_complete(task)
           ~~~~~~~~~~~~~~~~~~~~~~~~~~~~~^^^^^^
  File "/opt/homebrew/Cellar/python@3.14/3.14.2_1/Frameworks/Python.framework/Versions/3.14/lib/python3.14/asyncio/base_events.py", line 719, in run_until_complete
    return future.result()
           ~~~~~~~~~~~~~^^
  File "/Users/fzjjs/Documents/Great Transport/.venv/lib/python3.14/site-packages/biliup/__main__.py", line 33, in main
    await loop.run_in_executor(None, stream_gears.main_loop)
  File "/opt/homebrew/Cellar/python@3.14/3.14.2_1/Frameworks/Python.framework/Versions/3.14/lib/python3.14/concurrent/futures/thread.py", line 86, in run
    result = ctx.run(self.task)
  File "/opt/homebrew/Cellar/python@3.14/3.14.2_1/Frameworks/Python.framework/Versions/3.14/lib/python3.14/concurrent/futures/thread.py", line 73, in run
    return fn(*args, **kwargs)
RuntimeError: [1mUnknown Error[22m
â”œâ•´at [3m/Users/runner/work/biliup/biliup/crates/biliup-cli/src/uploader.rs:154:14[23m
â”‚
â•°â”€â–¶ [1mResponseData { code: 21566, data: None, message: "æŠ•ç¨¿è¿‡äºé¢‘ç¹ï¼Œå»ºè®®å°†APPå‡çº§è‡³æœ€æ–°ç‰ˆæœ¬åå†è¯•", ttl: Some(1) }[22m
    â•°â•´at [3m/Users/runner/work/biliup/biliup/crates/biliup-cli/src/uploader.rs:154:14[23m
2026-01-29 16:21:42,332 __init__.py[line:13](Pid:67898 Tname:MainThread) ERROR Uncaught exception:
Traceback (most recent call last):
  File "/Users/fzjjs/Documents/Great Transport/.venv/bin/biliup", line 9, in <module>
    sys.exit(arg_parser())
             ~~~~~~~~~~^^
  File "/Users/fzjjs/Documents/Great Transport/.venv/lib/python3.14/site-packages/biliup/__main__.py", line 21, in arg_parser
    asyncio.run(main())
    ~~~~~~~~~~~^^^^^^^^
  File "/opt/homebrew/Cellar/python@3.14/3.14.2_1/Frameworks/Python.framework/Versions/3.14/lib/python3.14/asyncio/runners.py", line 204, in run
    return runner.run(main)
           ~~~~~~~~~~^^^^^^
  File "/opt/homebrew/Cellar/python@3.14/3.14.2_1/Frameworks/Python.framework/Versions/3.14/lib/python3.14/asyncio/runners.py", line 127, in run
    return self._loop.run_until_complete(task)
           ~~~~~~~~~~~~~~~~~~~~~~~~~~~~~^^^^^^
  File "/opt/homebrew/Cellar/python@3.14/3.14.2_1/Frameworks/Python.framework/Versions/3.14/lib/python3.14/asyncio/base_events.py", line 719, in run_until_complete
    return future.result()
           ~~~~~~~~~~~~~^^
  File "/Users/fzjjs/Documents/Great Transport/.venv/lib/python3.14/site-packages/biliup/__main__.py", line 33, in main
    await loop.run_in_executor(None, stream_gears.main_loop)
  File "/opt/homebrew/Cellar/python@3.14/3.14.2_1/Frameworks/Python.framework/Versions/3.14/lib/python3.14/concurrent/futures/thread.py", line 86, in run
    result = ctx.run(self.task)
  File "/opt/homebrew/Cellar/python@3.14/3.14.2_1/Frameworks/Python.framework/Versions/3.14/lib/python3.14/concurrent/futures/thread.py", line 73, in run
    return fn(*args, **kwargs)
RuntimeError: [1mUnknown Error[22m
â”œâ•´at [3m/Users/runner/work/biliup/biliup/crates/biliup-cli/src/uploader.rs:154:14[23m
â”‚
â•°â”€â–¶ [1mResponseData { code: 21566, data: None, message: "æŠ•ç¨¿è¿‡äºé¢‘ç¹ï¼Œå»ºè®®å°†APPå‡çº§è‡³æœ€æ–°ç‰ˆæœ¬åå†è¯•", ttl: Some(1) }[22m
    â•°â•´at [3m/Users/runner/work/biliup/biliup/crates/biliup-cli/src/uploader.rs:154:14[23m
2026-01-29 16:22:18,822 __init__.py[line:13](Pid:68049 Tname:MainThread) ERROR Uncaught exception:
Traceback (most recent call last):
  File "/Users/fzjjs/Documents/Great Transport/.venv/bin/biliup", line 9, in <module>
    sys.exit(arg_parser())
             ~~~~~~~~~~^^
  File "/Users/fzjjs/Documents/Great Transport/.venv/lib/python3.14/site-packages/biliup/__main__.py", line 21, in arg_parser
    asyncio.run(main())
    ~~~~~~~~~~~^^^^^^^^
  File "/opt/homebrew/Cellar/python@3.14/3.14.2_1/Frameworks/Python.framework/Versions/3.14/lib/python3.14/asyncio/runners.py", line 204, in run
    return runner.run(main)
           ~~~~~~~~~~^^^^^^
  File "/opt/homebrew/Cellar/python@3.14/3.14.2_1/Frameworks/Python.framework/Versions/3.14/lib/python3.14/asyncio/runners.py", line 127, in run
    return self._loop.run_until_complete(task)
           ~~~~~~~~~~~~~~~~~~~~~~~~~~~~~^^^^^^
  File "/opt/homebrew/Cellar/python@3.14/3.14.2_1/Frameworks/Python.framework/Versions/3.14/lib/python3.14/asyncio/base_events.py", line 719, in run_until_complete
    return future.result()
           ~~~~~~~~~~~~~^^
  File "/Users/fzjjs/Documents/Great Transport/.venv/lib/python3.14/site-packages/biliup/__main__.py", line 33, in main
    await loop.run_in_executor(None, stream_gears.main_loop)
  File "/opt/homebrew/Cellar/python@3.14/3.14.2_1/Frameworks/Python.framework/Versions/3.14/lib/python3.14/concurrent/futures/thread.py", line 86, in run
    result = ctx.run(self.task)
  File "/opt/homebrew/Cellar/python@3.14/3.14.2_1/Frameworks/Python.framework/Versions/3.14/lib/python3.14/concurrent/futures/thread.py", line 73, in run
    return fn(*args, **kwargs)
RuntimeError: [1mUnknown Error[22m
â”œâ•´at [3m/Users/runner/work/biliup/biliup/crates/biliup-cli/src/uploader.rs:154:14[23m
â”‚
â•°â”€â–¶ [1mResponseData { code: 21566, data: None, message: "æŠ•ç¨¿è¿‡äºé¢‘ç¹ï¼Œå»ºè®®å°†APPå‡çº§è‡³æœ€æ–°ç‰ˆæœ¬åå†è¯•", ttl: Some(1) }[22m
    â•°â•´at [3m/Users/runner/work/biliup/biliup/crates/biliup-cli/src/uploader.rs:154:14[23m
2026-01-29 16:22:53,307 __init__.py[line:13](Pid:68323 Tname:MainThread) ERROR Uncaught exception:
Traceback (most recent call last):
  File "/Users/fzjjs/Documents/Great Transport/.venv/bin/biliup", line 9, in <module>
    sys.exit(arg_parser())
             ~~~~~~~~~~^^
  File "/Users/fzjjs/Documents/Great Transport/.venv/lib/python3.14/site-packages/biliup/__main__.py", line 21, in arg_parser
    asyncio.run(main())
    ~~~~~~~~~~~^^^^^^^^
  File "/opt/homebrew/Cellar/python@3.14/3.14.2_1/Frameworks/Python.framework/Versions/3.14/lib/python3.14/asyncio/runners.py", line 204, in run
    return runner.run(main)
           ~~~~~~~~~~^^^^^^
  File "/opt/homebrew/Cellar/python@3.14/3.14.2_1/Frameworks/Python.framework/Versions/3.14/lib/python3.14/asyncio/runners.py", line 127, in run
    return self._loop.run_until_complete(task)
           ~~~~~~~~~~~~~~~~~~~~~~~~~~~~~^^^^^^
  File "/opt/homebrew/Cellar/python@3.14/3.14.2_1/Frameworks/Python.framework/Versions/3.14/lib/python3.14/asyncio/base_events.py", line 719, in run_until_complete
    return future.result()
           ~~~~~~~~~~~~~^^
  File "/Users/fzjjs/Documents/Great Transport/.venv/lib/python3.14/site-packages/biliup/__main__.py", line 33, in main
    await loop.run_in_executor(None, stream_gears.main_loop)
  File "/opt/homebrew/Cellar/python@3.14/3.14.2_1/Frameworks/Python.framework/Versions/3.14/lib/python3.14/concurrent/futures/thread.py", line 86, in run
    result = ctx.run(self.task)
  File "/opt/homebrew/Cellar/python@3.14/3.14.2_1/Frameworks/Python.framework/Versions/3.14/lib/python3.14/concurrent/futures/thread.py", line 73, in run
    return fn(*args, **kwargs)
RuntimeError: [1mUnknown Error[22m
â”œâ•´at [3m/Users/runner/work/biliup/biliup/crates/biliup-cli/src/uploader.rs:154:14[23m
â”‚
â•°â”€â–¶ [1mResponseData { code: 21566, data: None, message: "æŠ•ç¨¿è¿‡äºé¢‘ç¹ï¼Œå»ºè®®å°†APPå‡çº§è‡³æœ€æ–°ç‰ˆæœ¬åå†è¯•", ttl: Some(1) }[22m
    â•°â•´at [3m/Users/runner/work/biliup/biliup/crates/biliup-cli/src/uploader.rs:154:14[23m
